    PID    PPID %CPU %MEM
   7852    2465 45.4  7.3
   2493    2449  3.1  2.5
   8239    8181  2.6  2.6
   1690    1649  2.0  3.0
   2553    2465  1.9  4.2
Log generated on: Tue Jan 21 01:50:01 PM +0545 2025
    PID    PPID %CPU %MEM
   7852    2465 37.8  7.4
   2493    2449  3.1  2.5
   8239    8181  2.4  2.6
   1690    1649  1.9  3.0
   2553    2465  1.9  4.0
Log generated on: Tue Jan 21 01:55:01 PM +0545 2025
    PID    PPID %CPU %MEM
   9579    2184 93.2  3.5
   7852    2465 32.4  7.5
   9584       1 18.6  0.5
   2493    2449  3.0  2.5
   8239    8181  2.6  2.7
Log generated on: Tue Jan 21 02:00:01 PM +0545 2025
    PID    PPID %CPU %MEM
   7852    2465 37.5  9.1
   2493    2449  3.1  2.6
   8239    8181  2.3  2.6
   1690    1649  2.0  3.1
   2553    2465  1.8  4.0
Log generated on: Tue Jan 21 02:05:01 PM +0545 2025
